<?xml version="1.0" encoding="UTF-8"?>
<!-- Generated by org.testng.reporters.JUnitXMLReporter -->
<testsuite ignored="0" hostname="suharika" failures="1" tests="4" name="TestngTest" time="0.097" errors="0" timestamp="2024-09-18T07:35:33 IST">
  <testcase classname="day2.tryex2" name="abac" time="0.021">
    <failure type="java.lang.AssertionError" message="expected [true] but found [false]">
      <![CDATA[java.lang.AssertionError: expected [true] but found [false]
at day2.tryex2.abac(tryex2.java:18)
at java.base/java.util.ArrayList.forEach(ArrayList.java:1596)
at java.base/java.util.concurrent.FutureTask.run(FutureTask.java:317)
at java.base/java.util.concurrent.ThreadPoolExecutor.runWorker(ThreadPoolExecutor.java:1144)
at java.base/java.util.concurrent.ThreadPoolExecutor$Worker.run(ThreadPoolExecutor.java:642)
at java.base/java.lang.Thread.run(Thread.java:1583)
... Removed 20 stack frames]]>
    </failure>
  </testcase> <!-- abac -->
  <testcase classname="day2.tryex2" name="abac1" time="0.003"/>
  <testcase classname="day2.tryex" name="abac" time="0.001"/>
  <testcase classname="day2.tryex" name="abac1" time="0.003"/>
</testsuite> <!-- TestngTest -->
