<?xml version="1.0" encoding="UTF-8"?>
<testng-results ignored="1" total="2" passed="1" failed="0" skipped="0">
  <reporter-output>
  </reporter-output>
  <suite started-at="2024-10-08T06:53:28 IST" name="Default suite" finished-at="2024-10-08T06:53:28 IST" duration-ms="64">
    <groups>
    </groups>
    <test started-at="2024-10-08T06:53:28 IST" name="Default test" finished-at="2024-10-08T06:53:28 IST" duration-ms="64">
      <class name="framework.properties">
        <test-method signature="test1()[pri:0, instance:framework.properties@32eff876]" started-at="2024-10-08T06:53:28 IST" name="test1" finished-at="2024-10-08T06:53:28 IST" duration-ms="16" status="PASS">
          <reporter-output>
          </reporter-output>
        </test-method> <!-- test1 -->
      </class> <!-- framework.properties -->
    </test> <!-- Default test -->
  </suite> <!-- Default suite -->
</testng-results>
