<?xml version="1.0" encoding="UTF-8"?>
<!-- Generated by org.testng.reporters.JUnitXMLReporter -->
<testsuite ignored="5" hostname="suharika" failures="1" tests="3" name="Test" time="0.066" errors="0" timestamp="2024-10-01T07:33:49 IST">
  <testcase classname="day2.groups" name="f5" time="0.01"/>
  <testcase classname="day2.groups" name="f6" time="0.001"/>
  <testcase classname="day2.groups" name="f8" time="0.002">
    <failure type="java.lang.NoSuchMethodError" message="&amp;apos;void org.testng.Assert.assertEquals(boolean, java.lang.Boolean)&amp;apos;">
      <![CDATA[java.lang.NoSuchMethodError: 'void org.testng.Assert.assertEquals(boolean, java.lang.Boolean)'
at day2.groups.f8(groups.java:43)
at java.base/java.util.ArrayList.forEach(ArrayList.java:1596)
... Removed 25 stack frames]]>
    </failure>
  </testcase> <!-- f8 -->
  <testcase classname="day2.groups" name="f7" time="0.0">
    <ignored/>
  </testcase> <!-- f7 -->
  <testcase classname="day2.groups" name="f2" time="0.0">
    <ignored/>
  </testcase> <!-- f2 -->
  <testcase classname="day2.groups" name="f4" time="0.0">
    <ignored/>
  </testcase> <!-- f4 -->
  <testcase classname="day2.groups" name="f3" time="0.0">
    <ignored/>
  </testcase> <!-- f3 -->
  <testcase classname="day2.groups" name="f1" time="0.0">
    <ignored/>
  </testcase> <!-- f1 -->
</testsuite> <!-- Test -->
