<?xml version="1.0" encoding="UTF-8"?>
<!-- Generated by org.testng.reporters.JUnitXMLReporter -->
<testsuite ignored="1" hostname="suharika" failures="1" tests="7" name="Testparallel" time="0.112" errors="0" timestamp="2024-09-20T07:26:43 IST">
  <testcase classname="day2.groups" name="f1" time="0.021"/>
  <testcase classname="day2.groups" name="f2" time="0.021"/>
  <testcase classname="day2.groups" name="f5" time="0.004"/>
  <testcase classname="day2.groups" name="f6" time="0.006"/>
  <testcase classname="day2.groups" name="f8" time="0.009">
    <failure type="java.lang.NoSuchMethodError" message="&amp;apos;void org.testng.Assert.assertEquals(boolean, java.lang.Boolean)&amp;apos;">
      <![CDATA[java.lang.NoSuchMethodError: 'void org.testng.Assert.assertEquals(boolean, java.lang.Boolean)'
at day2.groups.f8(groups.java:43)
at java.base/java.util.concurrent.ThreadPoolExecutor.runWorker(ThreadPoolExecutor.java:1144)
at java.base/java.util.concurrent.ThreadPoolExecutor$Worker.run(ThreadPoolExecutor.java:642)
at java.base/java.lang.Thread.run(Thread.java:1583)
... Removed 10 stack frames]]>
    </failure>
  </testcase> <!-- f8 -->
  <testcase classname="day2.groups" name="f7" time="0.0">
    <skipped/>
  </testcase> <!-- f7 -->
  <testcase classname="day2.groups" name="f4" time="0.0">
    <skipped/>
  </testcase> <!-- f4 -->
  <testcase classname="day2.groups" name="f3" time="0.0">
    <ignored/>
  </testcase> <!-- f3 -->
</testsuite> <!-- Testparallel -->
